2022-09-23  15:54:13: ====== WebDriver manager ======: WDM: 
2022-09-23  15:54:13: Get LATEST chromedriver version for google-chrome 105.0.5195: WDM: 
2022-09-23  15:54:14: Driver [C:\Users\umari\.wdm\drivers\chromedriver\win32\105.0.5195\chromedriver.exe] found in cache: WDM: 
2022-09-23  15:54:23: ********* Signed in Successfully with Correct UserName--> Passed *********: root: 
2022-09-23  15:55:27: ====== WebDriver manager ======: WDM: 
2022-09-23  15:55:28: Get LATEST chromedriver version for google-chrome 105.0.5195: WDM: 
2022-09-23  15:55:29: Driver [C:\Users\umari\.wdm\drivers\chromedriver\win32\105.0.5195\chromedriver.exe] found in cache: WDM: 
2022-09-23  15:55:39: ********* Signed in Successfully with Correct UserName--> Passed *********: root: 
2022-09-23  15:55:42: ********* Post an Entry in My Journal Tab is opened *********: root: 
2022-09-23  15:57:38: ====== WebDriver manager ======: WDM: 
2022-09-23  15:57:39: Get LATEST chromedriver version for google-chrome 105.0.5195: WDM: 
2022-09-23  15:57:40: Driver [C:\Users\umari\.wdm\drivers\chromedriver\win32\105.0.5195\chromedriver.exe] found in cache: WDM: 
2022-09-23  15:57:49: ********* Signed in Successfully with Correct UserName--> Passed *********: root: 
2022-09-23  15:57:51: ********* Post an Entry in My Journal Tab is opened *********: root: 
2022-09-23  16:01:44: ====== WebDriver manager ======: WDM: 
2022-09-23  16:01:45: Get LATEST chromedriver version for google-chrome 105.0.5195: WDM: 
2022-09-23  16:01:46: Driver [C:\Users\umari\.wdm\drivers\chromedriver\win32\105.0.5195\chromedriver.exe] found in cache: WDM: 
2022-09-23  16:01:55: ********* Signed in Successfully with Correct UserName--> Passed *********: root: 
2022-09-23  16:03:38: ====== WebDriver manager ======: WDM: 
2022-09-23  16:03:39: Get LATEST chromedriver version for google-chrome 105.0.5195: WDM: 
2022-09-23  16:03:40: Driver [C:\Users\umari\.wdm\drivers\chromedriver\win32\105.0.5195\chromedriver.exe] found in cache: WDM: 
2022-09-23  16:03:50: ********* Signed in Successfully with Correct UserName--> Passed *********: root: 
2022-09-23  16:03:53: ********* Post an Entry in My Journal Tab is opened *********: root: 
2022-09-23  16:14:59: ====== WebDriver manager ======: WDM: 
2022-09-23  16:15:00: Get LATEST chromedriver version for google-chrome 105.0.5195: WDM: 
2022-09-23  16:15:00: Driver [C:\Users\umari\.wdm\drivers\chromedriver\win32\105.0.5195\chromedriver.exe] found in cache: WDM: 
2022-09-23  16:15:10: ********* Signed in Successfully with Correct UserName--> Passed *********: root: 
2022-09-23  16:15:48: ====== WebDriver manager ======: WDM: 
2022-09-23  16:15:49: Get LATEST chromedriver version for google-chrome 105.0.5195: WDM: 
2022-09-23  16:15:49: Driver [C:\Users\umari\.wdm\drivers\chromedriver\win32\105.0.5195\chromedriver.exe] found in cache: WDM: 
2022-09-23  16:16:02: ====== WebDriver manager ======: WDM: 
2022-09-23  16:16:02: Get LATEST chromedriver version for google-chrome 105.0.5195: WDM: 
2022-09-23  16:16:03: Driver [C:\Users\umari\.wdm\drivers\chromedriver\win32\105.0.5195\chromedriver.exe] found in cache: WDM: 
2022-09-23  16:16:12: ********* Signed in Successfully with Correct UserName--> Passed *********: root: 
2022-09-23  16:16:15: ********* Post an Entry in My Journal Tab is opened *********: root: 
2022-09-23  16:19:01: ====== WebDriver manager ======: WDM: 
2022-09-23  16:19:02: Get LATEST chromedriver version for google-chrome 105.0.5195: WDM: 
2022-09-23  16:19:03: Driver [C:\Users\umari\.wdm\drivers\chromedriver\win32\105.0.5195\chromedriver.exe] found in cache: WDM: 
2022-09-23  16:19:12: ********* Signed in Successfully with Correct UserName--> Passed *********: root: 
2022-09-23  16:19:30: ====== WebDriver manager ======: WDM: 
2022-09-23  16:19:31: Get LATEST chromedriver version for google-chrome 105.0.5195: WDM: 
2022-09-23  16:19:32: Driver [C:\Users\umari\.wdm\drivers\chromedriver\win32\105.0.5195\chromedriver.exe] found in cache: WDM: 
2022-09-23  16:19:42: ********* Signed in Successfully with Correct UserName--> Passed *********: root: 
2022-09-23  16:19:45: ********* Post an Entry in My Journal Tab is opened *********: root: 
2022-09-23  16:22:23: ====== WebDriver manager ======: WDM: 
2022-09-23  16:22:24: Get LATEST chromedriver version for google-chrome 105.0.5195: WDM: 
2022-09-23  16:22:25: Driver [C:\Users\umari\.wdm\drivers\chromedriver\win32\105.0.5195\chromedriver.exe] found in cache: WDM: 
2022-09-23  16:22:35: ********* Signed in Successfully with Correct UserName--> Passed *********: root: 
2022-09-23  16:22:37: ********* Post an Entry in My Journal Tab is opened *********: root: 
2022-09-23  16:26:45: ====== WebDriver manager ======: WDM: 
2022-09-23  16:26:46: Get LATEST chromedriver version for google-chrome 105.0.5195: WDM: 
2022-09-23  16:26:47: Driver [C:\Users\umari\.wdm\drivers\chromedriver\win32\105.0.5195\chromedriver.exe] found in cache: WDM: 
2022-09-23  16:26:55: Signed in Successfully with Correct UserName--> Passed: root: 
2022-09-23  16:26:56: Tabs Name are mismatched --> Fail: root: 
2022-09-23  16:31:30: ====== WebDriver manager ======: WDM: 
2022-09-23  16:31:31: Get LATEST chromedriver version for google-chrome 105.0.5195: WDM: 
2022-09-23  16:31:32: Driver [C:\Users\umari\.wdm\drivers\chromedriver\win32\105.0.5195\chromedriver.exe] found in cache: WDM: 
2022-09-23  16:31:41: Signed in Successfully with Correct UserName--> Passed: root: 
2022-09-23  16:31:45: ********* Post an Entry in My Journal Tab is opened *********: root: 
2022-09-23  16:40:14: ====== WebDriver manager ======: WDM: 
2022-09-23  16:40:15: Get LATEST chromedriver version for google-chrome 105.0.5195: WDM: 
2022-09-23  16:40:16: Driver [C:\Users\umari\.wdm\drivers\chromedriver\win32\105.0.5195\chromedriver.exe] found in cache: WDM: 
2022-09-23  16:40:25: Signed in Successfully with Correct UserName--> Passed: root: 
2022-09-23  16:40:26: ********* Post an Entry in My Journal Tab is opened *********: root: 
2022-09-23  16:41:29: ====== WebDriver manager ======: WDM: 
2022-09-23  16:41:30: Get LATEST chromedriver version for google-chrome 105.0.5195: WDM: 
2022-09-23  16:41:31: Driver [C:\Users\umari\.wdm\drivers\chromedriver\win32\105.0.5195\chromedriver.exe] found in cache: WDM: 
2022-09-23  16:41:40: Signed in Successfully with Correct UserName--> Passed: root: 
2022-09-23  16:41:41: ********* Post an Entry in My Journal Tab is opened *********: root: 
2022-09-23  16:41:47: Post is not Published--> Fail: root: 
2022-09-23  16:42:43: ====== WebDriver manager ======: WDM: 
2022-09-23  16:42:44: Get LATEST chromedriver version for google-chrome 105.0.5195: WDM: 
2022-09-23  16:42:45: Driver [C:\Users\umari\.wdm\drivers\chromedriver\win32\105.0.5195\chromedriver.exe] found in cache: WDM: 
2022-09-23  16:42:54: Signed in Successfully with Correct UserName--> Passed: root: 
2022-09-23  16:42:54: ********* Post an Entry in My Journal Tab is opened *********: root: 
2022-09-23  16:43:00: Post Is Published Successfully--> Passed: root: 
2022-09-23  16:45:54: ====== WebDriver manager ======: WDM: 
2022-09-23  16:45:55: Get LATEST chromedriver version for google-chrome 105.0.5195: WDM: 
2022-09-23  16:45:56: Driver [C:\Users\umari\.wdm\drivers\chromedriver\win32\105.0.5195\chromedriver.exe] found in cache: WDM: 
2022-09-23  16:46:05: Signed in Successfully with Correct UserName--> Passed: root: 
2022-09-23  16:46:05: ********* Post an Entry in My Journal Tab is opened *********: root: 
2022-09-23  16:49:13: ====== WebDriver manager ======: WDM: 
2022-09-23  16:49:14: Get LATEST chromedriver version for google-chrome 105.0.5195: WDM: 
2022-09-23  16:49:15: Driver [C:\Users\umari\.wdm\drivers\chromedriver\win32\105.0.5195\chromedriver.exe] found in cache: WDM: 
2022-09-23  16:49:23: Signed in Successfully with Correct UserName--> Passed: root: 
2022-09-23  16:49:23: ********* Post an Entry in My Journal Tab is opened *********: root: 
2022-09-23  16:57:15: ====== WebDriver manager ======: WDM: 
2022-09-23  16:57:16: Get LATEST chromedriver version for google-chrome 105.0.5195: WDM: 
2022-09-23  16:57:18: Driver [C:\Users\umari\.wdm\drivers\chromedriver\win32\105.0.5195\chromedriver.exe] found in cache: WDM: 
2022-09-23  16:57:29: Signed in Successfully with Correct UserName--> Passed: root: 
2022-09-23  16:57:29: ********* Post an Entry in My Journal Tab is opened *********: root: 
2022-09-23  16:57:38: Post Is Published Successfully--> Passed: root: 
2022-09-23  17:00:14: ====== WebDriver manager ======: WDM: 
2022-09-23  17:00:15: Get LATEST chromedriver version for google-chrome 105.0.5195: WDM: 
2022-09-23  17:00:16: Driver [C:\Users\umari\.wdm\drivers\chromedriver\win32\105.0.5195\chromedriver.exe] found in cache: WDM: 
2022-09-23  17:00:25: Signed in Successfully with Correct UserName--> Passed: root: 
2022-09-23  17:00:25: ********* Post an Entry in My Journal Tab is opened *********: root: 
2022-09-23  17:01:02: ====== WebDriver manager ======: WDM: 
2022-09-23  17:01:03: Get LATEST chromedriver version for google-chrome 105.0.5195: WDM: 
2022-09-23  17:01:05: Driver [C:\Users\umari\.wdm\drivers\chromedriver\win32\105.0.5195\chromedriver.exe] found in cache: WDM: 
2022-09-23  17:01:13: Signed in Successfully with Correct UserName--> Passed: root: 
2022-09-23  17:01:14: ********* Post an Entry in My Journal Tab is opened *********: root: 
2022-09-23  17:05:05: ====== WebDriver manager ======: WDM: 
2022-09-23  17:05:06: Get LATEST chromedriver version for google-chrome 105.0.5195: WDM: 
2022-09-23  17:05:07: Driver [C:\Users\umari\.wdm\drivers\chromedriver\win32\105.0.5195\chromedriver.exe] found in cache: WDM: 
2022-09-23  17:05:16: Signed in Successfully with Correct UserName--> Passed: root: 
2022-09-23  17:05:16: ********* Post an Entry in My Journal Tab is opened *********: root: 
2022-09-23  17:05:24: Post Is Published Successfully--> Passed: root: 
2022-09-23  17:08:31: ====== WebDriver manager ======: WDM: 
2022-09-23  17:08:32: Get LATEST chromedriver version for google-chrome 105.0.5195: WDM: 
2022-09-23  17:08:33: Driver [C:\Users\umari\.wdm\drivers\chromedriver\win32\105.0.5195\chromedriver.exe] found in cache: WDM: 
